c:\users\tejas abhang\source\repos\project1\debug\vc141.pdb
c:\users\tejas abhang\source\repos\project1\debug\vc141.idb
c:\users\tejas abhang\source\repos\project1\debug\source.obj
c:\users\tejas abhang\source\repos\project1\debug\project1.exe
c:\users\tejas abhang\source\repos\project1\debug\project1.ilk
c:\users\tejas abhang\source\repos\project1\debug\project1.pdb
c:\users\tejas abhang\source\repos\project1\debug\resource.res
c:\users\tejas abhang\source\repos\project1\debug\nativecodeanalysis.read.1.tlog
c:\users\tejas abhang\source\repos\project1\debug\source.nativecodeanalysis.xml
c:\users\tejas abhang\source\repos\project1\debug\vc.nativecodeanalysis.all.xml
c:\users\tejas abhang\source\repos\project1\debug\project1.exe.lastcodeanalysissucceeded
c:\users\tejas abhang\source\repos\project1\debug\project1.tlog\cl.command.1.tlog
c:\users\tejas abhang\source\repos\project1\debug\project1.tlog\cl.read.1.tlog
c:\users\tejas abhang\source\repos\project1\debug\project1.tlog\cl.write.1.tlog
c:\users\tejas abhang\source\repos\project1\debug\project1.tlog\link.command.1.tlog
c:\users\tejas abhang\source\repos\project1\debug\project1.tlog\link.read.1.tlog
c:\users\tejas abhang\source\repos\project1\debug\project1.tlog\link.write.1.tlog
c:\users\tejas abhang\source\repos\project1\debug\project1.tlog\rc.command.1.tlog
c:\users\tejas abhang\source\repos\project1\debug\project1.tlog\rc.read.1.tlog
c:\users\tejas abhang\source\repos\project1\debug\project1.tlog\rc.write.1.tlog
